<?xml version="1.0" encoding="UTF-8"?>
<testsuite name="showcase.HealthControllerTest" tests="1" skipped="0" failures="0" errors="0" timestamp="2026-02-14T18:39:26.177Z" hostname="Terences-MacBook-Pro-2.local" time="0.436">
  <properties/>
  <testcase name="healthReturnsUp()" classname="showcase.HealthControllerTest" time="0.436"/>
  <system-out><![CDATA[10:39:25.528 [Test worker] INFO org.springframework.test.context.support.AnnotationConfigContextLoaderUtils -- Could not detect default configuration classes for test class [showcase.HealthControllerTest]: HealthControllerTest does not declare any static, non-private, non-final, nested classes annotated with @Configuration.
10:39:25.570 [Test worker] INFO org.springframework.boot.test.context.SpringBootTestContextBootstrapper -- Found @SpringBootConfiguration showcase.Application for test class showcase.HealthControllerTest

  .   ____          _            __ _ _
 /\\ / ___'_ __ _ _(_)_ __  __ _ \ \ \ \
( ( )\___ | '_ | '_| | '_ \/ _` | \ \ \ \
 \\/  ___)| |_)| | | | | || (_| |  ) ) ) )
  '  |____| .__|_| |_|_| |_\__, | / / / /
 =========|_|==============|___/=/_/_/_/
 :: Spring Boot ::                (v3.2.2)

2026-02-14T10:39:25.710-08:00  INFO 42110 --- [    Test worker] showcase.HealthControllerTest            : Starting HealthControllerTest using Java 17.0.15 with PID 42110 (started by terenceschumacher in /Users/terenceschumacher/showcase-projects/modular-jvm-build/app)
2026-02-14T10:39:25.711-08:00  INFO 42110 --- [    Test worker] showcase.HealthControllerTest            : No active profile set, falling back to 1 default profile: "default"
2026-02-14T10:39:26.143-08:00  INFO 42110 --- [    Test worker] o.s.b.t.m.w.SpringBootMockServletContext : Initializing Spring TestDispatcherServlet ''
2026-02-14T10:39:26.143-08:00  INFO 42110 --- [    Test worker] o.s.t.web.servlet.TestDispatcherServlet  : Initializing Servlet ''
2026-02-14T10:39:26.144-08:00  INFO 42110 --- [    Test worker] o.s.t.web.servlet.TestDispatcherServlet  : Completed initialization in 0 ms
2026-02-14T10:39:26.170-08:00  INFO 42110 --- [    Test worker] showcase.HealthControllerTest            : Started HealthControllerTest in 0.535 seconds (process running for 1.004)
]]></system-out>
  <system-err><![CDATA[]]></system-err>
</testsuite>
